<?xml version="1.0" encoding="UTF-8"?>
<testng-results ignored="0" total="1" passed="1" failed="0" skipped="0">
  <reporter-output>
  </reporter-output>
  <suite started-at="2020-06-25T19:59:50 EDT" name="Default suite" finished-at="2020-06-25T20:00:08 EDT" duration-ms="18583">
    <groups>
    </groups>
    <test started-at="2020-06-25T19:59:50 EDT" name="Default test" finished-at="2020-06-25T20:00:08 EDT" duration-ms="18583">
      <class name="com.syntax.class3.EmployeeStory">
        <test-method is-config="true" signature="setUp()[pri:0, instance:com.syntax.class3.EmployeeStory@78047b92]" started-at="2020-06-25T19:59:50 EDT" name="setUp" finished-at="2020-06-25T19:59:52 EDT" duration-ms="2295" status="PASS">
          <reporter-output>
          </reporter-output>
        </test-method> <!-- setUp -->
        <test-method signature="addE()[pri:0, instance:com.syntax.class3.EmployeeStory@78047b92]" started-at="2020-06-25T19:59:52 EDT" name="addE" finished-at="2020-06-25T20:00:08 EDT" duration-ms="16171" status="PASS">
          <reporter-output>
          </reporter-output>
        </test-method> <!-- addE -->
        <test-method is-config="true" signature="tearDown()[pri:0, instance:com.syntax.class3.EmployeeStory@78047b92]" started-at="2020-06-25T20:00:08 EDT" name="tearDown" finished-at="2020-06-25T20:00:08 EDT" duration-ms="97" status="PASS">
          <reporter-output>
          </reporter-output>
        </test-method> <!-- tearDown -->
      </class> <!-- com.syntax.class3.EmployeeStory -->
    </test> <!-- Default test -->
  </suite> <!-- Default suite -->
</testng-results>
